Using pre-set license
Built from '2021.3/staging' branch; Version is '2021.3.20f1 (577897200b8b) revision 5732503'; Using compiler version '192829333'; Build Type 'Release'
OS: 'Windows 10  (10.0.19045) 64bit Core' Language: 'tr' Physical Memory: 16335 MB
BatchMode: 1, IsHumanControllingUs: 0, StartBugReporterOnCrash: 0, Is64bit: 1, IsPro: 1

COMMAND LINE ARGUMENTS:
C:\UNTY\2021.3.20f1\Editor\Unity.exe
-adb2
-batchMode
-noUpm
-name
AssetImportWorker0
-projectPath
C:/Yeni klasör/u99
-logFile
Logs/AssetImportWorker0.log
-srvPort
56584
Successfully changed project path to: C:/Yeni klasör/u99
C:/Yeni klasör/u99
[UnityMemory] Configuration Parameters - Can be set up in boot.config
    "memorysetup-bucket-allocator-granularity=16"
    "memorysetup-bucket-allocator-bucket-count=8"
    "memorysetup-bucket-allocator-block-size=33554432"
    "memorysetup-bucket-allocator-block-count=8"
    "memorysetup-main-allocator-block-size=16777216"
    "memorysetup-thread-allocator-block-size=16777216"
    "memorysetup-gfx-main-allocator-block-size=16777216"
    "memorysetup-gfx-thread-allocator-block-size=16777216"
    "memorysetup-cache-allocator-block-size=4194304"
    "memorysetup-typetree-allocator-block-size=2097152"
    "memorysetup-profiler-bucket-allocator-granularity=16"
    "memorysetup-profiler-bucket-allocator-bucket-count=8"
    "memorysetup-profiler-bucket-allocator-block-size=33554432"
    "memorysetup-profiler-bucket-allocator-block-count=8"
    "memorysetup-profiler-allocator-block-size=16777216"
    "memorysetup-profiler-editor-allocator-block-size=1048576"
    "memorysetup-temp-allocator-size-main=16777216"
    "memorysetup-job-temp-allocator-block-size=2097152"
    "memorysetup-job-temp-allocator-block-size-background=1048576"
    "memorysetup-job-temp-allocator-reduction-small-platforms=262144"
    "memorysetup-temp-allocator-size-background-worker=32768"
    "memorysetup-temp-allocator-size-job-worker=262144"
    "memorysetup-temp-allocator-size-preload-manager=33554432"
    "memorysetup-temp-allocator-size-nav-mesh-worker=65536"
    "memorysetup-temp-allocator-size-audio-worker=65536"
    "memorysetup-temp-allocator-size-cloud-worker=32768"
    "memorysetup-temp-allocator-size-gi-baking-worker=262144"
    "memorysetup-temp-allocator-size-gfx=262144"
Player connection [12812] Host "[IP] 192.168.1.56 [Port] 0 [Flags] 2 [Guid] 3854080367 [EditorId] 3854080367 [Version] 1048832 [Id] WindowsEditor(7,DESKTOP-54T85J1) [Debug] 1 [PackageName] WindowsEditor [ProjectName] Editor" joined multi-casting on [225.0.0.222:54997]...

Player connection [12812] Host "[IP] 192.168.1.56 [Port] 0 [Flags] 2 [Guid] 3854080367 [EditorId] 3854080367 [Version] 1048832 [Id] WindowsEditor(7,DESKTOP-54T85J1) [Debug] 1 [PackageName] WindowsEditor [ProjectName] Editor" joined alternative multi-casting on [225.0.0.222:34997]...

Refreshing native plugins compatible for Editor in 172.92 ms, found 3 plugins.
Preloading 0 native plugins for Editor in 0.00 ms.
Initialize engine version: 2021.3.20f1 (577897200b8b)
[Subsystems] Discovering subsystems at path C:/UNTY/2021.3.20f1/Editor/Data/Resources/UnitySubsystems
[Subsystems] Discovering subsystems at path C:/Yeni klasör/u99/Assets
GfxDevice: creating device client; threaded=0; jobified=0
Direct3D:
    Version:  Direct3D 11.0 [level 11.1]
    Renderer: Radeon RX550/550 Series (ID=0x699f)
    Vendor:   ATI
    VRAM:     4075 MB
    Driver:   31.0.12029.10015
Initialize mono
Mono path[0] = 'C:/UNTY/2021.3.20f1/Editor/Data/Managed'
Mono path[1] = 'C:/UNTY/2021.3.20f1/Editor/Data/MonoBleedingEdge/lib/mono/unityjit-win32'
Mono config path = 'C:/UNTY/2021.3.20f1/Editor/Data/MonoBleedingEdge/etc'
Using monoOptions --debugger-agent=transport=dt_socket,embedding=1,server=y,suspend=n,address=127.0.0.1:56412
Begin MonoManager ReloadAssembly
Registering precompiled unity dll's ...
Register platform support module: C:/UNTY/2021.3.20f1/Editor/Data/PlaybackEngines/WebGLSupport/UnityEditor.WebGL.Extensions.dll
Register platform support module: C:/UNTY/2021.3.20f1/Editor/Data/PlaybackEngines/WindowsStandaloneSupport/UnityEditor.WindowsStandalone.Extensions.dll
Registered in 0.010164 seconds.
Native extension for WindowsStandalone target not found
Native extension for WebGL target not found
Refreshing native plugins compatible for Editor in 171.20 ms, found 3 plugins.
Preloading 0 native plugins for Editor in 0.00 ms.
Mono: successfully reloaded assembly
- Completed reload, in  0.894 seconds
Domain Reload Profiling:
	ReloadAssembly (894ms)
		BeginReloadAssembly (120ms)
			ExecutionOrderSort (0ms)
			DisableScriptedObjects (0ms)
			BackupInstance (0ms)
			ReleaseScriptingObjects (0ms)
			CreateAndSetChildDomain (1ms)
		EndReloadAssembly (627ms)
			LoadAssemblies (116ms)
			RebuildTransferFunctionScriptingTraits (0ms)
			SetupTypeCache (134ms)
			ReleaseScriptCaches (0ms)
			RebuildScriptCaches (31ms)
			SetupLoadedEditorAssemblies (394ms)
				LogAssemblyErrors (0ms)
				InitializePlatformSupportModulesInManaged (11ms)
				SetLoadedEditorAssemblies (0ms)
				RefreshPlugins (171ms)
				BeforeProcessingInitializeOnLoad (2ms)
				ProcessInitializeOnLoadAttributes (153ms)
				ProcessInitializeOnLoadMethodAttributes (57ms)
				AfterProcessingInitializeOnLoad (0ms)
				EditorAssembliesLoaded (0ms)
			ExecutionOrderSort2 (0ms)
			AwakeInstancesAfterBackupRestoration (0ms)
Platform modules already initialized, skipping
Registering precompiled user dll's ...
Registered in 0.012927 seconds.
Begin MonoManager ReloadAssembly
Symbol file LoadedFromMemory doesn't match image C:\Yeni klasör\u99\Library\PackageCache\com.unity.visualscripting@1.8.0\Editor\VisualScripting.Core\Dependencies\YamlDotNet\Unity.VisualScripting.YamlDotNet.dll
Symbol file LoadedFromMemory doesn't match image C:\Yeni klasör\u99\Library\PackageCache\com.unity.visualscripting@1.8.0\Editor\VisualScripting.Core\Dependencies\DotNetZip\Unity.VisualScripting.IonicZip.dll
Native extension for WindowsStandalone target not found
Native extension for WebGL target not found
Refreshing native plugins compatible for Editor in 178.01 ms, found 3 plugins.
Preloading 0 native plugins for Editor in 0.00 ms.
Mono: successfully reloaded assembly
- Completed reload, in  1.988 seconds
Domain Reload Profiling:
	ReloadAssembly (1989ms)
		BeginReloadAssembly (161ms)
			ExecutionOrderSort (0ms)
			DisableScriptedObjects (8ms)
			BackupInstance (0ms)
			ReleaseScriptingObjects (0ms)
			CreateAndSetChildDomain (22ms)
		EndReloadAssembly (1677ms)
			LoadAssemblies (150ms)
			RebuildTransferFunctionScriptingTraits (0ms)
			SetupTypeCache (436ms)
			ReleaseScriptCaches (1ms)
			RebuildScriptCaches (90ms)
			SetupLoadedEditorAssemblies (959ms)
				LogAssemblyErrors (0ms)
				InitializePlatformSupportModulesInManaged (9ms)
				SetLoadedEditorAssemblies (0ms)
				RefreshPlugins (178ms)
				BeforeProcessingInitializeOnLoad (180ms)
				ProcessInitializeOnLoadAttributes (478ms)
				ProcessInitializeOnLoadMethodAttributes (98ms)
				AfterProcessingInitializeOnLoad (15ms)
				EditorAssembliesLoaded (0ms)
			ExecutionOrderSort2 (0ms)
			AwakeInstancesAfterBackupRestoration (10ms)
Platform modules already initialized, skipping
========================================================================
Worker process is ready to serve import requests
Launched and connected shader compiler UnityShaderCompiler.exe after 0.07 seconds
Refreshing native plugins compatible for Editor in 2.13 ms, found 3 plugins.
Preloading 0 native plugins for Editor in 0.00 ms.
Unloading 5959 Unused Serialized files (Serialized files now loaded: 0)
Unloading 68 unused Assets / (2.1 MB). Loaded Objects now: 6412.
Memory consumption went from 254.0 MB to 252.0 MB.
Total: 6.741700 ms (FindLiveObjects: 0.744800 ms CreateObjectMapping: 0.314600 ms MarkObjects: 4.861700 ms  DeleteObjects: 0.818500 ms)

AssetImportParameters requested are different than current active one (requested -> active):
  custom:video-decoder-ogg-theora: a1e56fd34408186e4bbccfd4996cb3dc -> 
  custom:container-muxer-webm: aa71ff27fc2769a1b78a27578f13a17b -> 
  custom:container-demuxer-webm: 4f35f7cbe854078d1ac9338744f61a02 -> 
  custom:video-encoder-webm-vp8: eb34c28f22e8b96e1ab97ce403110664 -> 
  custom:audio-encoder-webm-vorbis: bf7c407c2cedff20999df2af8eb42d56 -> 
  custom:framework-win-MediaFoundation: 216162199b28c13a410421893ffa2e32 -> 
  custom:container-demuxer-ogg: 62fdf1f143b41e24485cea50d1cbac27 -> 
  custom:video-decoder-webm-vp8: 9c59270c3fd7afecdb556c50c9e8de78 -> 
  custom:audio-decoder-ogg-vorbis: bf7c407c2cedff20999df2af8eb42d56 -> 
========================================================================
Received Import Request.
  Time since last request: 20588.548906 seconds.
  path: Assets/Crypt Dungeon Environment/Rooms/Crypt/Models/crypt_roof.fbx
  artifactKey: Guid(8d21d1605928a4d46b68ae5628341f42) Importer(815301076,1909f56bfc062723c751e8b465ee728b)
Start importing Assets/Crypt Dungeon Environment/Rooms/Crypt/Models/crypt_roof.fbx using Guid(8d21d1605928a4d46b68ae5628341f42) Importer(815301076,1909f56bfc062723c751e8b465ee728b) Missing shader. PostProcessPass render pass will not execute. Check for missing reference in the renderer resources.
UnityEngine.StackTraceUtility:ExtractStackTrace ()
UnityEngine.DebugLogHandler:LogFormat (UnityEngine.LogType,UnityEngine.Object,string,object[])
UnityEngine.Logger:LogFormat (UnityEngine.LogType,string,object[])
UnityEngine.Debug:LogErrorFormat (string,object[])
UnityEngine.Rendering.Universal.Internal.PostProcessPass/MaterialLibrary:Load (UnityEngine.Shader) (at Library/PackageCache/com.unity.render-pipelines.universal@12.1.10/Runtime/Passes/PostProcessPass.cs:1610)
UnityEngine.Rendering.Universal.Internal.PostProcessPass/MaterialLibrary:.ctor (UnityEngine.Rendering.Universal.PostProcessData) (at Library/PackageCache/com.unity.render-pipelines.universal@12.1.10/Runtime/Passes/PostProcessPass.cs:1599)
UnityEngine.Rendering.Universal.Internal.PostProcessPass:.ctor (UnityEngine.Rendering.Universal.RenderPassEvent,UnityEngine.Rendering.Universal.PostProcessData,UnityEngine.Material) (at Library/PackageCache/com.unity.render-pipelines.universal@12.1.10/Runtime/Passes/PostProcessPass.cs:95)
UnityEngine.Rendering.Universal.PostProcessPasses:Recreate (UnityEngine.Rendering.Universal.PostProcessData) (at Library/PackageCache/com.unity.render-pipelines.universal@12.1.10/Runtime/PostProcessPasses.cs:80)
UnityEngine.Rendering.Universal.PostProcessPasses:.ctor (UnityEngine.Rendering.Universal.PostProcessData,UnityEngine.Material) (at Library/PackageCache/com.unity.render-pipelines.universal@12.1.10/Runtime/PostProcessPasses.cs:49)
UnityEngine.Rendering.Universal.UniversalRenderer:.ctor (UnityEngine.Rendering.Universal.UniversalRendererData) (at Library/PackageCache/com.unity.render-pipelines.universal@12.1.10/Runtime/UniversalRenderer.cs:305)
UnityEngine.Rendering.Universal.UniversalRendererData:Create () (at Library/PackageCache/com.unity.render-pipelines.universal@12.1.10/Runtime/UniversalRendererData.cs:129)
UnityEngine.Rendering.Universal.ScriptableRendererData:InternalCreateRenderer () (at Library/PackageCache/com.unity.render-pipelines.universal@12.1.10/Runtime/ScriptableRendererData.cs:72)
UnityEngine.Rendering.Universal.UniversalRenderPipelineAsset:CreateRenderers () (at Library/PackageCache/com.unity.render-pipelines.universal@12.1.10/Runtime/Data/UniversalRenderPipelineAsset.cs:526)
UnityEngine.Rendering.Universal.UniversalRenderPipelineAsset:CreatePipeline () (at Library/PackageCache/com.unity.render-pipelines.universal@12.1.10/Runtime/Data/UniversalRenderPipelineAsset.cs:476)
UnityEngine.Rendering.RenderPipelineAsset:InternalCreatePipeline ()
UnityEngine.Rendering.RenderPipelineManager:PrepareRenderPipeline (UnityEngine.Rendering.RenderPipelineAsset)
UnityEngine.Rendering.RenderPipelineManager:DoRenderLoop_Internal (UnityEngine.Rendering.RenderPipelineAsset,intptr,System.Collections.Generic.List`1<UnityEngine.Camera/RenderRequest>,Unity.Collections.LowLevel.Unsafe.AtomicSafetyHandle)
UnityEditor.PreviewRenderUtility:Render (bool,bool)
UnityEditor.GameObjectInspector:DoRenderPreview ()
UnityEditor.GameObjectInspector:RenderStaticPreview (string,UnityEngine.Object[],int,int)
UnityEditor.AssetPreviewUpdater:CreatePreview (UnityEngine.Object,UnityEngine.Object[],string,int,int)
UnityEditor.AssetPreviewUpdater:CreatePreviewForAsset (UnityEngine.Object,UnityEngine.Object[],string)

(Filename: Library/PackageCache/com.unity.render-pipelines.universal@12.1.10/Runtime/Passes/PostProcessPass.cs Line: 1610)

Missing shader. PostProcessPass render pass will not execute. Check for missing reference in the renderer resources.
UnityEngine.StackTraceUtility:ExtractStackTrace ()
UnityEngine.DebugLogHandler:LogFormat (UnityEngine.LogType,UnityEngine.Object,string,object[])
UnityEngine.Logger:LogFormat (UnityEngine.LogType,string,object[])
UnityEngine.Debug:LogErrorFormat (string,object[])
UnityEngine.Rendering.Universal.Internal.PostProcessPass/MaterialLibrary:Load (UnityEngine.Shader) (at Library/PackageCache/com.unity.render-pipelines.universal@12.1.10/Runtime/Passes/PostProcessPass.cs:1610)
UnityEngine.Rendering.Universal.Internal.PostProcessPass/MaterialLibrary:.ctor (UnityEngine.Rendering.Universal.PostProcessData) (at Library/PackageCache/com.unity.render-pipelines.universal@12.1.10/Runtime/Passes/PostProcessPass.cs:1600)
UnityEngine.Rendering.Universal.Internal.PostProcessPass:.ctor (UnityEngine.Rendering.Universal.RenderPassEvent,UnityEngine.Rendering.Universal.PostProcessData,UnityEngine.Material) (at Library/PackageCache/com.unity.render-pipelines.universal@12.1.10/Runtime/Passes/PostProcessPass.cs:95)
UnityEngine.Rendering.Universal.PostProcessPasses:Recreate (UnityEngine.Rendering.Universal.PostProcessData) (at Library/PackageCache/com.unity.render-pipelines.universal@12.1.10/Runtime/PostProcessPasses.cs:80)
UnityEngine.Rendering.Universal.PostProcessPasses:.ctor (UnityEngine.Rendering.Universal.PostProcessData,UnityEngine.Material) (at Library/PackageCache/com.unity.render-pipelines.universal@12.1.10/Runtime/PostProcessPasses.cs:49)
UnityEngine.Rendering.Universal.UniversalRenderer:.ctor (UnityEngine.Rendering.Universal.UniversalRendererData) (at Library/PackageCache/com.unity.render-pipelines.universal@12.1.10/Runtime/UniversalRenderer.cs:305)
UnityEngine.Rendering.Universal.UniversalRendererData:Create () (at Library/PackageCache/com.unity.render-pipelines.universal@12.1.10/Runtime/UniversalRendererData.cs:129)
UnityEngine.Rendering.Universal.ScriptableRendererData:InternalCreateRenderer () (at Library/PackageCache/com.unity.render-pipelines.universal@12.1.10/Runtime/ScriptableRendererData.cs:72)
UnityEngine.Rendering.Universal.UniversalRenderPipelineAsset:CreateRenderers () (at Library/PackageCache/com.unity.render-pipelines.universal@12.1.10/Runtime/Data/UniversalRenderPipelineAsset.cs:526)
UnityEngine.Rendering.Universal.UniversalRenderPipelineAsset:CreatePipeline () (at Library/PackageCache/com.unity.render-pipelines.universal@12.1.10/Runtime/Data/UniversalRenderPipelineAsset.cs:476)
UnityEngine.Rendering.RenderPipelineAsset:InternalCreatePipeline ()
UnityEngine.Rendering.RenderPipelineManager:PrepareRenderPipeline (UnityEngine.Rendering.RenderPipelineAsset)
UnityEngine.Rendering.RenderPipelineManager:DoRenderLoop_Internal (UnityEngine.Rendering.RenderPipelineAsset,intptr,System.Collections.Generic.List`1<UnityEngine.Camera/RenderRequest>,Unity.Collections.LowLevel.Unsafe.AtomicSafetyHandle)
UnityEditor.PreviewRenderUtility:Render (bool,bool)
UnityEditor.GameObjectInspector:DoRenderPreview ()
UnityEditor.GameObjectInspector:RenderStaticPreview (string,UnityEngine.Object[],int,int)
UnityEditor.AssetPreviewUpdater:CreatePreview (UnityEngine.Object,UnityEngine.Object[],string,int,int)
UnityEditor.AssetPreviewUpdater:CreatePreviewForAsset (UnityEngine.Object,UnityEngine.Object[],string)

(Filename: Library/PackageCache/com.unity.render-pipelines.universal@12.1.10/Runtime/Passes/PostProcessPass.cs Line: 1610)

Missing shader. PostProcessPass render pass will not execute. Check for missing reference in the renderer resources.
UnityEngine.StackTraceUtility:ExtractStackTrace ()
UnityEngine.DebugLogHandler:LogFormat (UnityEngine.LogType,UnityEngine.Object,string,object[])
UnityEngine.Logger:LogFormat (UnityEngine.LogType,string,object[])
UnityEngine.Debug:LogErrorFormat (string,object[])
UnityEngine.Rendering.Universal.Internal.PostProcessPass/MaterialLibrary:Load (UnityEngine.Shader) (at Library/PackageCache/com.unity.render-pipelines.universal@12.1.10/Runtime/Passes/PostProcessPass.cs:1610)
UnityEngine.Rendering.Universal.Internal.PostProcessPass/MaterialLibrary:.ctor (UnityEngine.Rendering.Universal.PostProcessData) (at Library/PackageCache/com.unity.render-pipelines.universal@12.1.10/Runtime/Passes/PostProcessPass.cs:1603)
UnityEngine.Rendering.Universal.Internal.PostProcessPass:.ctor (UnityEngine.Rendering.Universal.RenderPassEvent,UnityEngine.Rendering.Universal.PostProcessData,UnityEngine.Material) (at Library/PackageCache/com.unity.render-pipelines.universal@12.1.10/Runtime/Passes/PostProcessPass.cs:95)
UnityEngine.Rendering.Universal.PostProcessPasses:Recreate (UnityEngine.Rendering.Universal.PostProcessData) (at Library/PackageCache/com.unity.render-pipelines.universal@12.1.10/Runtime/PostProcessPasses.cs:80)
UnityEngine.Rendering.Universal.PostProcessPasses:.ctor (UnityEngine.Rendering.Universal.PostProcessData,UnityEngine.Material) (at Library/PackageCache/com.unity.render-pipelines.universal@12.1.10/Runtime/PostProcessPasses.cs:49)
UnityEngine.Rendering.Universal.UniversalRenderer:.ctor (UnityEngine.Rendering.Universal.UniversalRendererData) (at Library/PackageCache/com.unity.render-pipelines.universal@12.1.10/Runtime/UniversalRenderer.cs:305)
UnityEngine.Rendering.Universal.UniversalRendererData:Create () (at Library/PackageCache/com.unity.render-pipelines.universal@12.1.10/Runtime/UniversalRendererData.cs:129)
UnityEngine.Rendering.Universal.ScriptableRendererData:InternalCreateRenderer () (at Library/PackageCache/com.unity.render-pipelines.universal@12.1.10/Runtime/ScriptableRendererData.cs:72)
UnityEngine.Rendering.Universal.UniversalRenderPipelineAsset:CreateRenderers () (at Library/PackageCache/com.unity.render-pipelines.universal@12.1.10/Runtime/Data/UniversalRenderPipelineAsset.cs:526)
UnityEngine.Rendering.Universal.UniversalRenderPipelineAsset:CreatePipeline () (at Library/PackageCache/com.unity.render-pipelines.universal@12.1.10/Runtime/Data/UniversalRenderPipelineAsset.cs:476)
UnityEngine.Rendering.RenderPipelineAsset:InternalCreatePipeline ()
UnityEngine.Rendering.RenderPipelineManager:PrepareRenderPipeline (UnityEngine.Rendering.RenderPipelineAsset)
UnityEngine.Rendering.RenderPipelineManager:DoRenderLoop_Internal (UnityEngine.Rendering.RenderPipelineAsset,intptr,System.Collections.Generic.List`1<UnityEngine.Camera/RenderRequest>,Unity.Collections.LowLevel.Unsafe.AtomicSafetyHandle)
UnityEditor.PreviewRenderUtility:Render (bool,bool)
UnityEditor.GameObjectInspector:DoRenderPreview ()
UnityEditor.GameObjectInspector:RenderStaticPreview (string,UnityEngine.Object[],int,int)
UnityEditor.AssetPreviewUpdater:CreatePreview (UnityEngine.Object,UnityEngine.Object[],string,int,int)
UnityEditor.AssetPreviewUpdater:CreatePreviewForAsset (UnityEngine.Object,UnityEngine.Object[],string)

(Filename: Library/PackageCache/com.unity.render-pipelines.universal@12.1.10/Runtime/Passes/PostProcessPass.cs Line: 1610)

Missing shader. PostProcessPass render pass will not execute. Check for missing reference in the renderer resources.
UnityEngine.StackTraceUtility:ExtractStackTrace ()
UnityEngine.DebugLogHandler:LogFormat (UnityEngine.LogType,UnityEngine.Object,string,object[])
UnityEngine.Logger:LogFormat (UnityEngine.LogType,string,object[])
UnityEngine.Debug:LogErrorFormat (string,object[])
UnityEngine.Rendering.Universal.Internal.PostProcessPass/MaterialLibrary:Load (UnityEngine.Shader) (at Library/PackageCache/com.unity.render-pipelines.universal@12.1.10/Runtime/Passes/PostProcessPass.cs:1610)
UnityEngine.Rendering.Universal.Internal.PostProcessPass/MaterialLibrary:.ctor (UnityEngine.Rendering.Universal.PostProcessData) (at Library/PackageCache/com.unity.render-pipelines.universal@12.1.10/Runtime/Passes/PostProcessPass.cs:1599)
UnityEngine.Rendering.Universal.Internal.PostProcessPass:.ctor (UnityEngine.Rendering.Universal.RenderPassEvent,UnityEngine.Rendering.Universal.PostProcessData,UnityEngine.Material) (at Library/PackageCache/com.unity.render-pipelines.universal@12.1.10/Runtime/Passes/PostProcessPass.cs:95)
UnityEngine.Rendering.Universal.PostProcessPasses:Recreate (UnityEngine.Rendering.Universal.PostProcessData) (at Library/PackageCache/com.unity.render-pipelines.universal@12.1.10/Runtime/PostProcessPasses.cs:81)
UnityEngine.Rendering.Universal.PostProcessPasses:.ctor (UnityEngine.Rendering.Universal.PostProcessData,UnityEngine.Material) (at Library/PackageCache/com.unity.render-pipelines.universal@12.1.10/Runtime/PostProcessPasses.cs:49)
UnityEngine.Rendering.Universal.UniversalRenderer:.ctor (UnityEngine.Rendering.Universal.UniversalRendererData) (at Library/PackageCache/com.unity.render-pipelines.universal@12.1.10/Runtime/UniversalRenderer.cs:305)
UnityEngine.Rendering.Universal.UniversalRendererData:Create () (at Library/PackageCache/com.unity.render-pipelines.universal@12.1.10/Runtime/UniversalRendererData.cs:129)
UnityEngine.Rendering.Universal.ScriptableRendererData:InternalCreateRenderer () (at Library/PackageCache/com.unity.render-pipelines.universal@12.1.10/Runtime/ScriptableRendererData.cs:72)
UnityEngine.Rendering.Universal.UniversalRenderPipelineAsset:CreateRenderers () (at Library/PackageCache/com.unity.render-pipelines.universal@12.1.10/Runtime/Data/UniversalRenderPipelineAsset.cs:526)
UnityEngine.Rendering.Universal.UniversalRenderPipelineAsset:CreatePipeline () (at Library/PackageCache/com.unity.render-pipelines.universal@12.1.10/Runtime/Data/UniversalRenderPipelineAsset.cs:476)
UnityEngine.Rendering.RenderPipelineAsset:InternalCreatePipeline ()
UnityEngine.Rendering.RenderPipelineManager:PrepareRenderPipeline (UnityEngine.Rendering.RenderPipelineAsset)
UnityEngine.Rendering.RenderPipelineManager:DoRenderLoop_Internal (UnityEngine.Rendering.RenderPipelineAsset,intptr,System.Collections.Generic.List`1<UnityEngine.Camera/RenderRequest>,Unity.Collections.LowLevel.Unsafe.AtomicSafetyHandle)
UnityEditor.PreviewRenderUtility:Render (bool,bool)
UnityEditor.GameObjectInspector:DoRenderPreview ()
UnityEditor.GameObjectInspector:RenderStaticPreview (string,UnityEngine.Object[],int,int)
UnityEditor.AssetPreviewUpdater:CreatePreview (UnityEngine.Object,UnityEngine.Object[],string,int,int)
UnityEditor.AssetPreviewUpdater:CreatePreviewForAsset (UnityEngine.Object,UnityEngine.Object[],string)

(Filename: Library/PackageCache/com.unity.render-pipelines.universal@12.1.10/Runtime/Passes/PostProcessPass.cs Line: 1610)

Missing shader. PostProcessPass render pass will not execute. Check for missing reference in the renderer resources.
UnityEngine.StackTraceUtility:ExtractStackTrace ()
UnityEngine.DebugLogHandler:LogFormat (UnityEngine.LogType,UnityEngine.Object,string,object[])
UnityEngine.Logger:LogFormat (UnityEngine.LogType,string,object[])
UnityEngine.Debug:LogErrorFormat (string,object[])
UnityEngine.Rendering.Universal.Internal.PostProcessPass/MaterialLibrary:Load (UnityEngine.Shader) (at Library/PackageCache/com.unity.render-pipelines.universal@12.1.10/Runtime/Passes/PostProcessPass.cs:1610)
UnityEngine.Rendering.Universal.Internal.PostProcessPass/MaterialLibrary:.ctor (UnityEngine.Rendering.Universal.PostProcessData) (at Library/PackageCache/com.unity.render-pipelines.universal@12.1.10/Runtime/Passes/PostProcessPass.cs:1600)
UnityEngine.Rendering.Universal.Internal.PostProcessPass:.ctor (UnityEngine.Rendering.Universal.RenderPassEvent,UnityEngine.Rendering.Universal.PostProcessData,UnityEngine.Material) (at Library/PackageCache/com.unity.render-pipelines.universal@12.1.10/Runtime/Passes/PostProcessPass.cs:95)
UnityEngine.Rendering.Universal.PostProcessPasses:Recreate (UnityEngine.Rendering.Universal.PostProcessData) (at Library/PackageCache/com.unity.render-pipelines.universal@12.1.10/Runtime/PostProcessPasses.cs:81)
UnityEngine.Rendering.Universal.PostProcessPasses:.ctor (UnityEngine.Rendering.Universal.PostProcessData,UnityEngine.Material) (at Library/PackageCache/com.unity.render-pipelines.universal@12.1.10/Runtime/PostProcessPasses.cs:49)
UnityEngine.Rendering.Universal.UniversalRenderer:.ctor (UnityEngine.Rendering.Universal.UniversalRendererData) (at Library/PackageCache/com.unity.render-pipelines.universal@12.1.10/Runtime/UniversalRenderer.cs:305)
UnityEngine.Rendering.Universal.UniversalRendererData:Create () (at Library/PackageCache/com.unity.render-pipelines.universal@12.1.10/Runtime/UniversalRendererData.cs:129)
UnityEngine.Rendering.Universal.ScriptableRendererData:InternalCreateRenderer () (at Library/PackageCache/com.unity.render-pipelines.universal@12.1.10/Runtime/ScriptableRendererData.cs:72)
UnityEngine.Rendering.Universal.UniversalRenderPipelineAsset:CreateRenderers () (at Library/PackageCache/com.unity.render-pipelines.universal@12.1.10/Runtime/Data/UniversalRenderPipelineAsset.cs:526)
UnityEngine.Rendering.Universal.UniversalRenderPipelineAsset:CreatePipeline () (at Library/PackageCache/com.unity.render-pipelines.universal@12.1.10/Runtime/Data/UniversalRenderPipelineAsset.cs:476)
UnityEngine.Rendering.RenderPipelineAsset:InternalCreatePipeline ()
UnityEngine.Rendering.RenderPipelineManager:PrepareRenderPipeline (UnityEngine.Rendering.RenderPipelineAsset)
UnityEngine.Rendering.RenderPipelineManager:DoRenderLoop_Internal (UnityEngine.Rendering.RenderPipelineAsset,intptr,System.Collections.Generic.List`1<UnityEngine.Camera/RenderRequest>,Unity.Collections.LowLevel.Unsafe.AtomicSafetyHandle)
UnityEditor.PreviewRenderUtility:Render (bool,bool)
UnityEditor.GameObjectInspector:DoRenderPreview ()
UnityEditor.GameObjectInspector:RenderStaticPreview (string,UnityEngine.Object[],int,int)
UnityEditor.AssetPreviewUpdater:CreatePreview (UnityEngine.Object,UnityEngine.Object[],string,int,int)
UnityEditor.AssetPreviewUpdater:CreatePreviewForAsset (UnityEngine.Object,UnityEngine.Object[],string)

(Filename: Library/PackageCache/com.unity.render-pipelines.universal@12.1.10/Runtime/Passes/PostProcessPass.cs Line: 1610)

Missing shader. PostProcessPass render pass will not execute. Check for missing reference in the renderer resources.
UnityEngine.StackTraceUtility:ExtractStackTrace ()
UnityEngine.DebugLogHandler:LogFormat (UnityEngine.LogType,UnityEngine.Object,string,object[])
UnityEngine.Logger:LogFormat (UnityEngine.LogType,string,object[])
UnityEngine.Debug:LogErrorFormat (string,object[])
UnityEngine.Rendering.Universal.Internal.PostProcessPass/MaterialLibrary:Load (UnityEngine.Shader) (at Library/PackageCache/com.unity.render-pipelines.universal@12.1.10/Runtime/Passes/PostProcessPass.cs:1610)
UnityEngine.Rendering.Universal.Internal.PostProcessPass/MaterialLibrary:.ctor (UnityEngine.Rendering.Universal.PostProcessData) (at Library/PackageCache/com.unity.render-pipelines.universal@12.1.10/Runtime/Passes/PostProcessPass.cs:1603)
UnityEngine.Rendering.Universal.Internal.PostProcessPass:.ctor (UnityEngine.Rendering.Universal.RenderPassEvent,UnityEngine.Rendering.Universal.PostProcessData,UnityEngine.Material) (at Library/PackageCache/com.unity.render-pipelines.universal@12.1.10/Runtime/Passes/PostProcessPass.cs:95)
UnityEngine.Rendering.Universal.PostProcessPasses:Recreate (UnityEngine.Rendering.Universal.PostProcessData) (at Library/PackageCache/com.unity.render-pipelines.universal@12.1.10/Runtime/PostProcessPasses.cs:81)
UnityEngine.Rendering.Universal.PostProcessPasses:.ctor (UnityEngine.Rendering.Universal.PostProcessData,UnityEngine.Material) (at Library/PackageCache/com.unity.render-pipelines.universal@12.1.10/Runtime/PostProcessPasses.cs:49)
UnityEngine.Rendering.Universal.UniversalRenderer:.ctor (UnityEngine.Rendering.Universal.UniversalRendererData) (at Library/PackageCache/com.unity.render-pipelines.universal@12.1.10/Runtime/UniversalRenderer.cs:305)
UnityEngine.Rendering.Universal.UniversalRendererData:Create () (at Library/PackageCache/com.unity.render-pipelines.universal@12.1.10/Runtime/UniversalRendererData.cs:129)
UnityEngine.Rendering.Universal.ScriptableRendererData:InternalCreateRenderer () (at Library/PackageCache/com.unity.render-pipelines.universal@12.1.10/Runtime/ScriptableRendererData.cs:72)
UnityEngine.Rendering.Universal.UniversalRenderPipelineAsset:CreateRenderers () (at Library/PackageCache/com.unity.render-pipelines.universal@12.1.10/Runtime/Data/UniversalRenderPipelineAsset.cs:526)
UnityEngine.Rendering.Universal.UniversalRenderPipelineAsset:CreatePipeline () (at Library/PackageCache/com.unity.render-pipelines.universal@12.1.10/Runtime/Data/UniversalRenderPipelineAsset.cs:476)
UnityEngine.Rendering.RenderPipelineAsset:InternalCreatePipeline ()
UnityEngine.Rendering.RenderPipelineManager:PrepareRenderPipeline (UnityEngine.Rendering.RenderPipelineAsset)
UnityEngine.Rendering.RenderPipelineManager:DoRenderLoop_Internal (UnityEngine.Rendering.RenderPipelineAsset,intptr,System.Collections.Generic.List`1<UnityEngine.Camera/RenderRequest>,Unity.Collections.LowLevel.Unsafe.AtomicSafetyHandle)
UnityEditor.PreviewRenderUtility:Render (bool,bool)
UnityEditor.GameObjectInspector:DoRenderPreview ()
UnityEditor.GameObjectInspector:RenderStaticPreview (string,UnityEngine.Object[],int,int)
UnityEditor.AssetPreviewUpdater:CreatePreview (UnityEngine.Object,UnityEngine.Object[],string,int,int)
UnityEditor.AssetPreviewUpdater:CreatePreviewForAsset (UnityEngine.Object,UnityEngine.Object[],string)

(Filename: Library/PackageCache/com.unity.render-pipelines.universal@12.1.10/Runtime/Passes/PostProcessPass.cs Line: 1610)

 -> (artifact id: '19b7563f2ec69bed2c897111fd63c8be') in 0.568351 seconds 
========================================================================
Received Import Request.
  Time since last request: 0.000041 seconds.
  path: Assets/Crypt Dungeon Environment/Rooms/Crypt/Prefabs/crypt_sarcophagi.prefab
  artifactKey: Guid(222dc4e090943b240b9a0d017908d3f1) Importer(815301076,1909f56bfc062723c751e8b465ee728b)
Start importing Assets/Crypt Dungeon Environment/Rooms/Crypt/Prefabs/crypt_sarcophagi.prefab using Guid(222dc4e090943b240b9a0d017908d3f1) Importer(815301076,1909f56bfc062723c751e8b465ee728b)  -> (artifact id: 'aef39f2addac2de960da4ac4c8832a4a') in 0.177350 seconds 
========================================================================
Received Import Request.
  Time since last request: 0.000047 seconds.
  path: Assets/Crypt Dungeon Environment/Rooms/Crypt/Materials
  artifactKey: Guid(36dfc650e24dd9645b8162bcc2e6d916) Importer(815301076,1909f56bfc062723c751e8b465ee728b)
Start importing Assets/Crypt Dungeon Environment/Rooms/Crypt/Materials using Guid(36dfc650e24dd9645b8162bcc2e6d916) Importer(815301076,1909f56bfc062723c751e8b465ee728b)  -> (artifact id: 'c5055865d38eb653f67de90e49a2a190') in 0.010360 seconds 
========================================================================
Received Import Request.
  Time since last request: 0.000028 seconds.
  path: Assets/Crypt Dungeon Environment/Rooms/Crypt/Prefabs/crypt_pillar.prefab
  artifactKey: Guid(9f7a43d334ccc5b49a8011098b932e1f) Importer(815301076,1909f56bfc062723c751e8b465ee728b)
Start importing Assets/Crypt Dungeon Environment/Rooms/Crypt/Prefabs/crypt_pillar.prefab using Guid(9f7a43d334ccc5b49a8011098b932e1f) Importer(815301076,1909f56bfc062723c751e8b465ee728b)  -> (artifact id: '5593391d57fbf3bdaa0609b6c07c7523') in 1.171965 seconds 
========================================================================
Received Import Request.
  Time since last request: 0.000029 seconds.
  path: Assets/Crypt Dungeon Environment/Rooms/Crypt/Models/crypt_wall3.fbx
  artifactKey: Guid(f000e5403ed48234aa2dcd4886f3b0fd) Importer(815301076,1909f56bfc062723c751e8b465ee728b)
Start importing Assets/Crypt Dungeon Environment/Rooms/Crypt/Models/crypt_wall3.fbx using Guid(f000e5403ed48234aa2dcd4886f3b0fd) Importer(815301076,1909f56bfc062723c751e8b465ee728b)  -> (artifact id: '4ca798e2dd37f59156326646a550ea47') in 0.044955 seconds 
========================================================================
Received Import Request.
  Time since last request: 0.000044 seconds.
  path: Assets/Crypt Dungeon Environment/Rooms/Crypt/Prefabs
  artifactKey: Guid(f606e285bac37474097b51ae4a03754d) Importer(815301076,1909f56bfc062723c751e8b465ee728b)
Start importing Assets/Crypt Dungeon Environment/Rooms/Crypt/Prefabs using Guid(f606e285bac37474097b51ae4a03754d) Importer(815301076,1909f56bfc062723c751e8b465ee728b)  -> (artifact id: '8c48312da0fda101ff3e495a15cebda3') in 0.008968 seconds 
========================================================================
Received Import Request.
  Time since last request: 0.000028 seconds.
  path: Assets/Crypt Dungeon Environment/Rooms/Crypt/Materials/wall.mat
  artifactKey: Guid(7719c12d85494684a9c4174d34eb275a) Importer(815301076,1909f56bfc062723c751e8b465ee728b)
Start importing Assets/Crypt Dungeon Environment/Rooms/Crypt/Materials/wall.mat using Guid(7719c12d85494684a9c4174d34eb275a) Importer(815301076,1909f56bfc062723c751e8b465ee728b)  -> (artifact id: '962e8ee9b0245224534b961c72d4b108') in 0.073980 seconds 
========================================================================
Received Import Request.
  Time since last request: 0.000030 seconds.
  path: Assets/Crypt Dungeon Environment/Rooms/Crypt/Models/crypt_pillar.fbx
  artifactKey: Guid(fa741a1464dc1084592c89eb9fd74c6c) Importer(815301076,1909f56bfc062723c751e8b465ee728b)
Start importing Assets/Crypt Dungeon Environment/Rooms/Crypt/Models/crypt_pillar.fbx using Guid(fa741a1464dc1084592c89eb9fd74c6c) Importer(815301076,1909f56bfc062723c751e8b465ee728b)  -> (artifact id: 'da4018b9026c6414eaaf15a9e89baca3') in 0.037794 seconds 
========================================================================
Received Import Request.
  Time since last request: 0.000037 seconds.
  path: Assets/Crypt Dungeon Environment/Rooms/Crypt/Prefabs/crypt_door.prefab
  artifactKey: Guid(44854037fca6b6046a63c21383b8939c) Importer(815301076,1909f56bfc062723c751e8b465ee728b)
Start importing Assets/Crypt Dungeon Environment/Rooms/Crypt/Prefabs/crypt_door.prefab using Guid(44854037fca6b6046a63c21383b8939c) Importer(815301076,1909f56bfc062723c751e8b465ee728b)  -> (artifact id: 'b24b9532da12b79e2f84debb61803476') in 0.033884 seconds 
========================================================================
Received Import Request.
  Time since last request: 0.000030 seconds.
  path: Assets/Crypt Dungeon Environment/Rooms/Crypt/Models/crypt_window_frame2.fbx
  artifactKey: Guid(6ce4ffe821aea604580c790f94d1688f) Importer(815301076,1909f56bfc062723c751e8b465ee728b)
Start importing Assets/Crypt Dungeon Environment/Rooms/Crypt/Models/crypt_window_frame2.fbx using Guid(6ce4ffe821aea604580c790f94d1688f) Importer(815301076,1909f56bfc062723c751e8b465ee728b)  -> (artifact id: '2457370d3db0261d81dfa732a23efd2d') in 0.040696 seconds 
========================================================================
Received Import Request.
  Time since last request: 0.000035 seconds.
  path: Assets/Crypt Dungeon Environment/Rooms/Crypt/Materials/window_frame2.mat
  artifactKey: Guid(166498583bc741d4ba9a543058b9bd28) Importer(815301076,1909f56bfc062723c751e8b465ee728b)
Start importing Assets/Crypt Dungeon Environment/Rooms/Crypt/Materials/window_frame2.mat using Guid(166498583bc741d4ba9a543058b9bd28) Importer(815301076,1909f56bfc062723c751e8b465ee728b)  -> (artifact id: 'f2646320c18cda9134e81c248305c560') in 0.062813 seconds 
========================================================================
Received Import Request.
  Time since last request: 0.000058 seconds.
  path: Assets/Crypt Dungeon Environment/Rooms/Crypt/Models/crypt_sarcophagi.fbx
  artifactKey: Guid(c8091bb30e8ac4a47a414f303cbce738) Importer(815301076,1909f56bfc062723c751e8b465ee728b)
Start importing Assets/Crypt Dungeon Environment/Rooms/Crypt/Models/crypt_sarcophagi.fbx using Guid(c8091bb30e8ac4a47a414f303cbce738) Importer(815301076,1909f56bfc062723c751e8b465ee728b)  -> (artifact id: '769c2a750614eafc312b24d9e2f914a1') in 0.066552 seconds 
========================================================================
Received Import Request.
  Time since last request: 0.000027 seconds.
  path: Assets/Crypt Dungeon Environment/Rooms/Crypt/Materials/floor.mat
  artifactKey: Guid(4df2673622b27bf4a8a31d686ae38f8b) Importer(815301076,1909f56bfc062723c751e8b465ee728b)
Start importing Assets/Crypt Dungeon Environment/Rooms/Crypt/Materials/floor.mat using Guid(4df2673622b27bf4a8a31d686ae38f8b) Importer(815301076,1909f56bfc062723c751e8b465ee728b)  -> (artifact id: '563e6665f9b186b645f30f4a7eeeb81d') in 0.103921 seconds 
========================================================================
Received Import Request.
  Time since last request: 0.000038 seconds.
  path: Assets/Crypt Dungeon Environment/Rooms/Crypt/Models
  artifactKey: Guid(b9ec88ece52eea24eb27f87369378bf5) Importer(815301076,1909f56bfc062723c751e8b465ee728b)
Start importing Assets/Crypt Dungeon Environment/Rooms/Crypt/Models using Guid(b9ec88ece52eea24eb27f87369378bf5) Importer(815301076,1909f56bfc062723c751e8b465ee728b)  -> (artifact id: '507fa02276f14fefbe2a76c550ec4083') in 0.007474 seconds 
========================================================================
Received Import Request.
  Time since last request: 0.000030 seconds.
  path: Assets/Crypt Dungeon Environment/Rooms/Crypt/Materials/sarcophagi.mat
  artifactKey: Guid(4a30f82a58a24a941a5d10685a2acf3c) Importer(815301076,1909f56bfc062723c751e8b465ee728b)
Start importing Assets/Crypt Dungeon Environment/Rooms/Crypt/Materials/sarcophagi.mat using Guid(4a30f82a58a24a941a5d10685a2acf3c) Importer(815301076,1909f56bfc062723c751e8b465ee728b)  -> (artifact id: 'f8e9e77c84036d891c57012f10c549ba') in 0.040991 seconds 
========================================================================
Received Import Request.
  Time since last request: 0.000061 seconds.
  path: Assets/Crypt Dungeon Environment/Rooms/Crypt/Materials/pillar.mat
  artifactKey: Guid(aec62db37b39d744f9729ef92dde58d7) Importer(815301076,1909f56bfc062723c751e8b465ee728b)
Start importing Assets/Crypt Dungeon Environment/Rooms/Crypt/Materials/pillar.mat using Guid(aec62db37b39d744f9729ef92dde58d7) Importer(815301076,1909f56bfc062723c751e8b465ee728b)  -> (artifact id: '1e01a7d3343901b0c15df4ca1397b0ec') in 0.035945 seconds 
========================================================================
Received Import Request.
  Time since last request: 0.000044 seconds.
  path: Assets/Crypt Dungeon Environment/Rooms/Crypt/Models/crypt_window_frame3.fbx
  artifactKey: Guid(6142fc87aa3e6da4ca3cc729e7b9ddd0) Importer(815301076,1909f56bfc062723c751e8b465ee728b)
Start importing Assets/Crypt Dungeon Environment/Rooms/Crypt/Models/crypt_window_frame3.fbx using Guid(6142fc87aa3e6da4ca3cc729e7b9ddd0) Importer(815301076,1909f56bfc062723c751e8b465ee728b)  -> (artifact id: '16b4c798ff01075ffce1a98b55344fdf') in 0.047997 seconds 
========================================================================
Received Import Request.
  Time since last request: 0.000032 seconds.
  path: Assets/Crypt Dungeon Environment/Rooms/Crypt/Models/crypt_wall2.fbx
  artifactKey: Guid(5fe6d5af35baed84c96ee368ada40bfb) Importer(815301076,1909f56bfc062723c751e8b465ee728b)
Start importing Assets/Crypt Dungeon Environment/Rooms/Crypt/Models/crypt_wall2.fbx using Guid(5fe6d5af35baed84c96ee368ada40bfb) Importer(815301076,1909f56bfc062723c751e8b465ee728b)  -> (artifact id: 'fa4a21e0e8ef01b42304152de8f28105') in 0.039556 seconds 
========================================================================
Received Import Request.
  Time since last request: 15.636213 seconds.
  path: Assets/Character/Animations/Jump--Jump.anim.fbx
  artifactKey: Guid(98f277b0c8055e143b2fcf058d3c27dc) Importer(815301076,1909f56bfc062723c751e8b465ee728b)
Start importing Assets/Character/Animations/Jump--Jump.anim.fbx using Guid(98f277b0c8055e143b2fcf058d3c27dc) Importer(815301076,1909f56bfc062723c751e8b465ee728b)  -> (artifact id: '81a08ece0d7871ff215ec3a73a403306') in 0.013816 seconds 
========================================================================
Received Import Request.
  Time since last request: 0.000038 seconds.
  path: Assets/Character/Animations/Locomotion--Run_N_Land.anim.fbx
  artifactKey: Guid(3c033631149b9c541bcf155cd94cccba) Importer(815301076,1909f56bfc062723c751e8b465ee728b)
Start importing Assets/Character/Animations/Locomotion--Run_N_Land.anim.fbx using Guid(3c033631149b9c541bcf155cd94cccba) Importer(815301076,1909f56bfc062723c751e8b465ee728b)  -> (artifact id: 'd84100f012e276a5e6c86d365102e172') in 0.013163 seconds 
========================================================================
Received Import Request.
  Time since last request: 0.000040 seconds.
  path: Assets/Character/Animations/Locomotion--Walk_N.anim.fbx
  artifactKey: Guid(8269a9f8cf495034c817722ac21f309f) Importer(815301076,1909f56bfc062723c751e8b465ee728b)
Start importing Assets/Character/Animations/Locomotion--Walk_N.anim.fbx using Guid(8269a9f8cf495034c817722ac21f309f) Importer(815301076,1909f56bfc062723c751e8b465ee728b)  -> (artifact id: '999b42c63c17a08b8649a730f2bdcd0f') in 0.016192 seconds 
========================================================================
Received Import Request.
  Time since last request: 8.949641 seconds.
  path: Assets/Character/Materials/M_Armature_Body.mat
  artifactKey: Guid(43714b68324cc2c409d534d9874f2a2b) Importer(815301076,1909f56bfc062723c751e8b465ee728b)
Start importing Assets/Character/Materials/M_Armature_Body.mat using Guid(43714b68324cc2c409d534d9874f2a2b) Importer(815301076,1909f56bfc062723c751e8b465ee728b)  -> (artifact id: 'a0f3f274f3b49ad5d248f0a2232db915') in 0.033291 seconds 
========================================================================
Received Import Request.
  Time since last request: 6.440053 seconds.
  path: Assets/Environment/Art/Materials/GreyBlue_Mat.mat
  artifactKey: Guid(6b911390c5825014e8377183a7837d3f) Importer(815301076,1909f56bfc062723c751e8b465ee728b)
Start importing Assets/Environment/Art/Materials/GreyBlue_Mat.mat using Guid(6b911390c5825014e8377183a7837d3f) Importer(815301076,1909f56bfc062723c751e8b465ee728b)  -> (artifact id: 'c924e62928f886b775686854d4fe3e1d') in 0.032467 seconds 
========================================================================
Received Import Request.
  Time since last request: 0.000041 seconds.
  path: Assets/Environment/Art/Materials/GridOrange_01_Mat.mat
  artifactKey: Guid(7ab977a21c92388468ee65ad1c0e5a78) Importer(815301076,1909f56bfc062723c751e8b465ee728b)
Start importing Assets/Environment/Art/Materials/GridOrange_01_Mat.mat using Guid(7ab977a21c92388468ee65ad1c0e5a78) Importer(815301076,1909f56bfc062723c751e8b465ee728b)  -> (artifact id: '389e23624f2b38ec66962fd70f4dc358') in 0.038978 seconds 
========================================================================
Received Import Request.
  Time since last request: 9.695789 seconds.
  path: Assets/materyaller/castle_wall_varriation_disp_4k.png
  artifactKey: Guid(fd0dcfcdb825da9429f7e70a97f4b295) Importer(815301076,1909f56bfc062723c751e8b465ee728b)
Start importing Assets/materyaller/castle_wall_varriation_disp_4k.png using Guid(fd0dcfcdb825da9429f7e70a97f4b295) Importer(815301076,1909f56bfc062723c751e8b465ee728b)  -> (artifact id: '759d6d377804f5a725af2e6da344061e') in 0.064301 seconds 
========================================================================
Received Import Request.
  Time since last request: 0.000040 seconds.
  path: Assets/materyaller/medieval_wall_02_diff_4k.jpg
  artifactKey: Guid(0cc3f6fbadcbc4244b4da59c4ee8bd86) Importer(815301076,1909f56bfc062723c751e8b465ee728b)
Start importing Assets/materyaller/medieval_wall_02_diff_4k.jpg using Guid(0cc3f6fbadcbc4244b4da59c4ee8bd86) Importer(815301076,1909f56bfc062723c751e8b465ee728b)  -> (artifact id: 'a84909fb0c65e1f47be5fa8b5440c8a6') in 0.039099 seconds 
========================================================================
Received Import Request.
  Time since last request: 0.000034 seconds.
  path: Assets/materyaller/New Material 1.mat
  artifactKey: Guid(137254958a155304cb5cabf540858494) Importer(815301076,1909f56bfc062723c751e8b465ee728b)
Start importing Assets/materyaller/New Material 1.mat using Guid(137254958a155304cb5cabf540858494) Importer(815301076,1909f56bfc062723c751e8b465ee728b)  -> (artifact id: 'e4648469db7cd7db61dcad6096779150') in 0.048782 seconds 
========================================================================
Received Import Request.
  Time since last request: 33.243764 seconds.
  path: Assets/StylizedHandPaintedDungeon(Free)/Materials/Dungeon_Mat_02.mat
  artifactKey: Guid(2e701f9d6b8aa304c93f2af59c1ee5d9) Importer(815301076,1909f56bfc062723c751e8b465ee728b)
Start importing Assets/StylizedHandPaintedDungeon(Free)/Materials/Dungeon_Mat_02.mat using Guid(2e701f9d6b8aa304c93f2af59c1ee5d9) Importer(815301076,1909f56bfc062723c751e8b465ee728b)  -> (artifact id: 'd380308052ac899d7923c69ee80d59d7') in 0.718842 seconds 
========================================================================
Received Import Request.
  Time since last request: 1.043583 seconds.
  path: Assets/StylizedHandPaintedDungeon(Free)/Originals/Floor.fbx
  artifactKey: Guid(b31c62c35ced11c4383176ecffe930c9) Importer(815301076,1909f56bfc062723c751e8b465ee728b)
Start importing Assets/StylizedHandPaintedDungeon(Free)/Originals/Floor.fbx using Guid(b31c62c35ced11c4383176ecffe930c9) Importer(815301076,1909f56bfc062723c751e8b465ee728b)  -> (artifact id: '231b452d8007693415c2419059d58255') in 0.031387 seconds 
========================================================================
Received Import Request.
  Time since last request: 0.000027 seconds.
  path: Assets/StylizedHandPaintedDungeon(Free)/Originals/Lamp_02.fbx
  artifactKey: Guid(495bc5d65ef7c7a47b914d4dd69f0edf) Importer(815301076,1909f56bfc062723c751e8b465ee728b)
Start importing Assets/StylizedHandPaintedDungeon(Free)/Originals/Lamp_02.fbx using Guid(495bc5d65ef7c7a47b914d4dd69f0edf) Importer(815301076,1909f56bfc062723c751e8b465ee728b)  -> (artifact id: '35c018610e5e707b606205567a232192') in 0.042951 seconds 
========================================================================
Received Import Request.
  Time since last request: 0.000032 seconds.
  path: Assets/StylizedHandPaintedDungeon(Free)/Originals/Wall_Entrance.fbx
  artifactKey: Guid(ce8cc834ba277844da67143cfc370fa8) Importer(815301076,1909f56bfc062723c751e8b465ee728b)
Start importing Assets/StylizedHandPaintedDungeon(Free)/Originals/Wall_Entrance.fbx using Guid(ce8cc834ba277844da67143cfc370fa8) Importer(815301076,1909f56bfc062723c751e8b465ee728b)  -> (artifact id: 'bb490f726ea4d5fde91276bff1588a9c') in 0.037416 seconds 
========================================================================
Received Import Request.
  Time since last request: 22.332575 seconds.
  path: Assets/VarcanRex/LongSword/Materials/Plane.mat
  artifactKey: Guid(dd233813ba7c36c4ab4dd35d9ba9f47d) Importer(815301076,1909f56bfc062723c751e8b465ee728b)
Start importing Assets/VarcanRex/LongSword/Materials/Plane.mat using Guid(dd233813ba7c36c4ab4dd35d9ba9f47d) Importer(815301076,1909f56bfc062723c751e8b465ee728b)  -> (artifact id: '95c04d484ae37394384d1daa570506bf') in 0.023913 seconds 
